<!DOCTYPE html PUBLIC "-//W3C//DTD XHTML 1.1//EN" "http://www.w3.org/TR/xhtml11/DTD/xhtml11.dtd">
<html xmlns="http://www.w3.org/1999/xhtml">
<head>
<meta http-equiv="content-type" content="text/html; charset=UTF-8"/>
<title>TestNG Report</title>
<style type="text/css">table {margin-bottom:10px;border-collapse:collapse;empty-cells:show}th,td {border:1px solid #009;padding:.25em .5em}th {vertical-align:bottom}td {vertical-align:top}table a {font-weight:bold}.stripe td {background-color: #E6EBF9}.num {text-align:right}.passedodd td {background-color: #3F3}.passedeven td {background-color: #0A0}.skippedodd td {background-color: #DDD}.skippedeven td {background-color: #CCC}.failedodd td,.attn {background-color: #F33}.failedeven td,.stripe .attn {background-color: #D00}.stacktrace {white-space:pre;font-family:monospace}.totop {font-size:85%;text-align:center;border-bottom:2px solid #000}.invisible {display:none}</style>
</head>
<body>
<table>
<tr><th>Test</th><th># Passed</th><th># Skipped</th><th># Retried</th><th># Failed</th><th>Time (ms)</th><th>Included Groups</th><th>Excluded Groups</th></tr>
<tr><th colspan="7">PortFolio Suite</th></tr>
<tr><td><a href="#t0">Create Portfolio-Create New PortFolio-pos-It.1</a></td><td class="num">0</td><td class="num attn">1</td><td class="num">0</td><td class="num">0</td><td class="num">3,203</td><td></td><td></td></tr>
<tr class="stripe"><td><a href="#t1">Create Portfolio-Create New PortFolio-pos-It.2</a></td><td class="num">0</td><td class="num attn">1</td><td class="num">0</td><td class="num">0</td><td class="num">192</td><td></td><td></td></tr>
<tr><td><a href="#t2">Delete Portfolio-Delete Existing PortFolio-It.1</a></td><td class="num">0</td><td class="num attn">1</td><td class="num">0</td><td class="num">0</td><td class="num">116</td><td></td><td></td></tr>
<tr class="stripe"><td><a href="#t3">Delete Portfolio-Delete Existing PortFolio-It.2</a></td><td class="num">0</td><td class="num attn">1</td><td class="num">0</td><td class="num">0</td><td class="num">88</td><td></td><td></td></tr>
<tr><th colspan="7">Stock Suite</th></tr>
<tr><td><a href="#t4">Add New Stock-New Stock-It.1</a></td><td class="num">0</td><td class="num attn">5</td><td class="num">0</td><td class="num">0</td><td class="num">97</td><td></td><td></td></tr>
<tr class="stripe"><td><a href="#t5">Add New Stock-New Stock-It.2</a></td><td class="num">0</td><td class="num attn">5</td><td class="num">0</td><td class="num">0</td><td class="num">86</td><td></td><td></td></tr>
<tr><td><a href="#t6">Modify Stock-Sell Existing Stock-It.1</a></td><td class="num">0</td><td class="num attn">5</td><td class="num">0</td><td class="num">0</td><td class="num">74</td><td></td><td></td></tr>
<tr class="stripe"><td><a href="#t7">Modify Stock-Buy Existing Stock-It.1</a></td><td class="num">0</td><td class="num attn">5</td><td class="num">0</td><td class="num">0</td><td class="num">88</td><td></td><td></td></tr>
<tr><td><a href="#t8">Modify Stock-Buy Existing Stock-It.2</a></td><td class="num">0</td><td class="num attn">5</td><td class="num">0</td><td class="num">0</td><td class="num">84</td><td></td><td></td></tr>
<tr><th>Total</th><th class="num">0</th><th class="num attn">29</th><th class="num">0</th><th class="num">0</th><th class="num">4,028</th><th colspan="2"></th></tr>
</table>
<table id='summary'><thead><tr><th>Class</th><th>Method</th><th>Start</th><th>Time (ms)</th></tr></thead><tbody><tr><th colspan="4">PortFolio Suite</th></tr></tbody><tbody id="t0"><tr><th colspan="4">Create Portfolio-Create New PortFolio-pos-It.1 &#8212; failed (configuration methods)</th></tr><tr class="failedeven"><td rowspan="1">testcases.rediff.PortfolioManagement</td><td><a href="#m0">beforeTest</a></td><td rowspan="1">1629350493629</td><td rowspan="1">1157</td></tr><tr><th colspan="4">Create Portfolio-Create New PortFolio-pos-It.1 &#8212; skipped</th></tr><tr class="skippedeven"><td rowspan="1">testcases.rediff.PortfolioManagement</td><td><a href="#m1">createPortfolio</a></td><td rowspan="1">1629350494904</td><td rowspan="1">0</td></tr></tbody>
<tbody id="t1"><tr><th colspan="4">Create Portfolio-Create New PortFolio-pos-It.2 &#8212; skipped (configuration methods)</th></tr><tr class="skippedeven"><td rowspan="1">testcases.rediff.PortfolioManagement</td><td><a href="#m2">beforeTest</a></td><td rowspan="1">1629350496985</td><td rowspan="1">92</td></tr><tr><th colspan="4">Create Portfolio-Create New PortFolio-pos-It.2 &#8212; skipped</th></tr><tr class="skippedeven"><td rowspan="1">testcases.rediff.PortfolioManagement</td><td><a href="#m3">createPortfolio</a></td><td rowspan="1">1629350497082</td><td rowspan="1">0</td></tr></tbody>
<tbody id="t2"><tr><th colspan="4">Delete Portfolio-Delete Existing PortFolio-It.1 &#8212; failed (configuration methods)</th></tr><tr class="failedeven"><td rowspan="1">testcases.rediff.PortfolioManagement</td><td><a href="#m4">beforeTest</a></td><td rowspan="1">1629350497280</td><td rowspan="1">84</td></tr><tr><th colspan="4">Delete Portfolio-Delete Existing PortFolio-It.1 &#8212; skipped</th></tr><tr class="skippedeven"><td rowspan="1">testcases.rediff.PortfolioManagement</td><td><a href="#m5">deletePortfolio</a></td><td rowspan="1">1629350497366</td><td rowspan="1">0</td></tr></tbody>
<tbody id="t3"><tr><th colspan="4">Delete Portfolio-Delete Existing PortFolio-It.2 &#8212; skipped (configuration methods)</th></tr><tr class="skippedeven"><td rowspan="1">testcases.rediff.PortfolioManagement</td><td><a href="#m6">beforeTest</a></td><td rowspan="1">1629350497438</td><td rowspan="1">70</td></tr><tr><th colspan="4">Delete Portfolio-Delete Existing PortFolio-It.2 &#8212; skipped</th></tr><tr class="skippedeven"><td rowspan="1">testcases.rediff.PortfolioManagement</td><td><a href="#m7">deletePortfolio</a></td><td rowspan="1">1629350497510</td><td rowspan="1">0</td></tr></tbody>
<tbody><tr><th colspan="4">Stock Suite</th></tr></tbody><tbody id="t4"><tr><th colspan="4">Add New Stock-New Stock-It.1 &#8212; failed (configuration methods)</th></tr><tr class="failedeven"><td rowspan="1">testcases.rediff.PortfolioManagement</td><td><a href="#m8">beforeTest</a></td><td rowspan="1">1629350497540</td><td rowspan="1">52</td></tr><tr><th colspan="4">Add New Stock-New Stock-It.1 &#8212; skipped</th></tr><tr class="skippedeven"><td rowspan="1">testcases.rediff.PortfolioManagement</td><td><a href="#m9">selectPortFolio</a></td><td rowspan="1">1629350497596</td><td rowspan="1">0</td></tr><tr class="skippedodd"><td rowspan="4">testcases.rediff.StockManagement</td><td><a href="#m10">addNewStock</a></td><td rowspan="1">1629350497598</td><td rowspan="1">0</td></tr><tr class="skippedodd"><td><a href="#m11">verifyStockPresent</a></td><td rowspan="1">1629350497601</td><td rowspan="1">0</td></tr><tr class="skippedodd"><td><a href="#m12">verifyStockQuantity</a></td><td rowspan="1">1629350497605</td><td rowspan="1">0</td></tr><tr class="skippedodd"><td><a href="#m13">verifyTransactionHistory</a></td><td rowspan="1">1629350497607</td><td rowspan="1">0</td></tr></tbody>
<tbody id="t5"><tr><th colspan="4">Add New Stock-New Stock-It.2 &#8212; skipped (configuration methods)</th></tr><tr class="skippedeven"><td rowspan="1">testcases.rediff.PortfolioManagement</td><td><a href="#m14">beforeTest</a></td><td rowspan="1">1629350497727</td><td rowspan="1">45</td></tr><tr><th colspan="4">Add New Stock-New Stock-It.2 &#8212; skipped</th></tr><tr class="skippedeven"><td rowspan="1">testcases.rediff.PortfolioManagement</td><td><a href="#m15">selectPortFolio</a></td><td rowspan="1">1629350497774</td><td rowspan="1">0</td></tr><tr class="skippedodd"><td rowspan="4">testcases.rediff.StockManagement</td><td><a href="#m16">addNewStock</a></td><td rowspan="1">1629350497775</td><td rowspan="1">0</td></tr><tr class="skippedodd"><td><a href="#m17">verifyStockPresent</a></td><td rowspan="1">1629350497776</td><td rowspan="1">0</td></tr><tr class="skippedodd"><td><a href="#m18">verifyStockQuantity</a></td><td rowspan="1">1629350497777</td><td rowspan="1">0</td></tr><tr class="skippedodd"><td><a href="#m19">verifyTransactionHistory</a></td><td rowspan="1">1629350497778</td><td rowspan="1">0</td></tr></tbody>
<tbody id="t6"><tr><th colspan="4">Modify Stock-Sell Existing Stock-It.1 &#8212; failed (configuration methods)</th></tr><tr class="failedeven"><td rowspan="1">testcases.rediff.PortfolioManagement</td><td><a href="#m20">beforeTest</a></td><td rowspan="1">1629350497865</td><td rowspan="1">44</td></tr><tr><th colspan="4">Modify Stock-Sell Existing Stock-It.1 &#8212; skipped</th></tr><tr class="skippedeven"><td rowspan="1">testcases.rediff.PortfolioManagement</td><td><a href="#m21">selectPortFolio</a></td><td rowspan="1">1629350497911</td><td rowspan="1">0</td></tr><tr class="skippedodd"><td rowspan="4">testcases.rediff.StockManagement</td><td><a href="#m22">modifyStock</a></td><td rowspan="1">1629350497914</td><td rowspan="1">0</td></tr><tr class="skippedodd"><td><a href="#m23">verifyStockPresent</a></td><td rowspan="1">1629350497913</td><td rowspan="1">0</td></tr><tr class="skippedodd"><td><a href="#m24">verifyStockQuantity</a></td><td rowspan="1">1629350497915</td><td rowspan="1">0</td></tr><tr class="skippedodd"><td><a href="#m25">verifyTransactionHistory</a></td><td rowspan="1">1629350497916</td><td rowspan="1">0</td></tr></tbody>
<tbody id="t7"><tr><th colspan="4">Modify Stock-Buy Existing Stock-It.1 &#8212; failed (configuration methods)</th></tr><tr class="failedeven"><td rowspan="1">testcases.rediff.PortfolioManagement</td><td><a href="#m26">beforeTest</a></td><td rowspan="1">1629350497989</td><td rowspan="1">52</td></tr><tr><th colspan="4">Modify Stock-Buy Existing Stock-It.1 &#8212; skipped</th></tr><tr class="skippedeven"><td rowspan="1">testcases.rediff.PortfolioManagement</td><td><a href="#m27">selectPortFolio</a></td><td rowspan="1">1629350498043</td><td rowspan="1">0</td></tr><tr class="skippedodd"><td rowspan="4">testcases.rediff.StockManagement</td><td><a href="#m28">modifyStock</a></td><td rowspan="1">1629350498048</td><td rowspan="1">0</td></tr><tr class="skippedodd"><td><a href="#m29">verifyStockPresent</a></td><td rowspan="1">1629350498046</td><td rowspan="1">0</td></tr><tr class="skippedodd"><td><a href="#m30">verifyStockQuantity</a></td><td rowspan="1">1629350498050</td><td rowspan="1">0</td></tr><tr class="skippedodd"><td><a href="#m31">verifyTransactionHistory</a></td><td rowspan="1">1629350498052</td><td rowspan="1">0</td></tr></tbody>
<tbody id="t8"><tr><th colspan="4">Modify Stock-Buy Existing Stock-It.2 &#8212; skipped (configuration methods)</th></tr><tr class="skippedeven"><td rowspan="1">testcases.rediff.PortfolioManagement</td><td><a href="#m32">beforeTest</a></td><td rowspan="1">1629350498110</td><td rowspan="1">57</td></tr><tr><th colspan="4">Modify Stock-Buy Existing Stock-It.2 &#8212; skipped</th></tr><tr class="skippedeven"><td rowspan="1">testcases.rediff.PortfolioManagement</td><td><a href="#m33">selectPortFolio</a></td><td rowspan="1">1629350498168</td><td rowspan="1">1</td></tr><tr class="skippedodd"><td rowspan="4">testcases.rediff.StockManagement</td><td><a href="#m34">modifyStock</a></td><td rowspan="1">1629350498172</td><td rowspan="1">0</td></tr><tr class="skippedodd"><td><a href="#m35">verifyStockPresent</a></td><td rowspan="1">1629350498171</td><td rowspan="1">0</td></tr><tr class="skippedodd"><td><a href="#m36">verifyStockQuantity</a></td><td rowspan="1">1629350498177</td><td rowspan="1">0</td></tr><tr class="skippedodd"><td><a href="#m37">verifyTransactionHistory</a></td><td rowspan="1">1629350498178</td><td rowspan="1">0</td></tr></tbody>
</table>
<h2>Create Portfolio-Create New PortFolio-pos-It.1</h2><h3 id="m0">testcases.rediff.PortfolioManagement#beforeTest</h3><table class="result"><tr class="param"><th>Parameter #1</th></tr><tr class="param stripe"><td>org.testng.TestRunner@6f95cd51</td></tr><tr><th>Exception</th></tr><tr><td><div class="stacktrace">java.lang.IllegalStateException: The driver executable must exist: D:\chromedriver.exe
	at org.openqa.selenium.internal.Require$FileStateChecker.isFile(Require.java:289)
	at org.openqa.selenium.remote.service.DriverService.checkExecutable(DriverService.java:154)
	at org.openqa.selenium.remote.service.DriverService.findExecutable(DriverService.java:149)
	at org.openqa.selenium.chrome.ChromeDriverService.access$000(ChromeDriverService.java:37)
	at org.openqa.selenium.chrome.ChromeDriverService$Builder.findDefaultExecutable(ChromeDriverService.java:222)
	at org.openqa.selenium.remote.service.DriverService$Builder.build(DriverService.java:405)
	at org.openqa.selenium.chrome.ChromeDriverService.createDefaultService(ChromeDriverService.java:119)
	at org.openqa.selenium.chrome.ChromeDriver.&lt;init&gt;(ChromeDriver.java:105)
	at keywords.GenericKeywords.openBrowser(GenericKeywords.java:70)
	at testbase.BaseTest.beforeTest(BaseTest.java:79)
	at runner.TestNGRunner.run(TestNGRunner.java:86)
	at runner.JSONRunner.main(JSONRunner.java:118)
... Removed 21 stack frames</div></td></tr></table><p class="totop"><a href="#summary">back to summary</a></p>
<h3 id="m1">testcases.rediff.PortfolioManagement#createPortfolio</h3><table class="result"><tr><th>Exception</th></tr><tr><td><div class="stacktrace">java.lang.IllegalStateException: The driver executable must exist: D:\chromedriver.exe
	at org.openqa.selenium.internal.Require$FileStateChecker.isFile(Require.java:289)
	at org.openqa.selenium.remote.service.DriverService.checkExecutable(DriverService.java:154)
	at org.openqa.selenium.remote.service.DriverService.findExecutable(DriverService.java:149)
	at org.openqa.selenium.chrome.ChromeDriverService.access$000(ChromeDriverService.java:37)
	at org.openqa.selenium.chrome.ChromeDriverService$Builder.findDefaultExecutable(ChromeDriverService.java:222)
	at org.openqa.selenium.remote.service.DriverService$Builder.build(DriverService.java:405)
	at org.openqa.selenium.chrome.ChromeDriverService.createDefaultService(ChromeDriverService.java:119)
	at org.openqa.selenium.chrome.ChromeDriver.&lt;init&gt;(ChromeDriver.java:105)
	at keywords.GenericKeywords.openBrowser(GenericKeywords.java:70)
	at testbase.BaseTest.beforeTest(BaseTest.java:79)
	at runner.TestNGRunner.run(TestNGRunner.java:86)
	at runner.JSONRunner.main(JSONRunner.java:118)
... Removed 21 stack frames</div></td></tr></table><p class="totop"><a href="#summary">back to summary</a></p>
<h2>Create Portfolio-Create New PortFolio-pos-It.2</h2><h3 id="m2">testcases.rediff.PortfolioManagement#beforeTest</h3><table class="result"><tr class="param"><th>Parameter #1</th></tr><tr class="param stripe"><td>org.testng.TestRunner@56f2bbea</td></tr><tr><th>Exception</th></tr><tr><td><div class="stacktrace">org.testng.SkipException: Skpping as Data Runmode is N
	at testbase.BaseTest.beforeTest(BaseTest.java:71)
	at runner.TestNGRunner.run(TestNGRunner.java:86)
	at runner.JSONRunner.main(JSONRunner.java:118)
... Removed 21 stack frames</div></td></tr></table><p class="totop"><a href="#summary">back to summary</a></p>
<h3 id="m3">testcases.rediff.PortfolioManagement#createPortfolio</h3><table class="result"><tr><th>Exception</th></tr><tr><td><div class="stacktrace">org.testng.SkipException: Skpping as Data Runmode is N
	at testbase.BaseTest.beforeTest(BaseTest.java:71)
	at runner.TestNGRunner.run(TestNGRunner.java:86)
	at runner.JSONRunner.main(JSONRunner.java:118)
... Removed 21 stack frames</div></td></tr></table><p class="totop"><a href="#summary">back to summary</a></p>
<h2>Delete Portfolio-Delete Existing PortFolio-It.1</h2><h3 id="m4">testcases.rediff.PortfolioManagement#beforeTest</h3><table class="result"><tr class="param"><th>Parameter #1</th></tr><tr class="param stripe"><td>org.testng.TestRunner@1bd81830</td></tr><tr><th>Exception</th></tr><tr><td><div class="stacktrace">java.lang.IllegalStateException: The driver executable must exist: D:\chromedriver.exe
	at org.openqa.selenium.internal.Require$FileStateChecker.isFile(Require.java:289)
	at org.openqa.selenium.remote.service.DriverService.checkExecutable(DriverService.java:154)
	at org.openqa.selenium.remote.service.DriverService.findExecutable(DriverService.java:149)
	at org.openqa.selenium.chrome.ChromeDriverService.access$000(ChromeDriverService.java:37)
	at org.openqa.selenium.chrome.ChromeDriverService$Builder.findDefaultExecutable(ChromeDriverService.java:222)
	at org.openqa.selenium.remote.service.DriverService$Builder.build(DriverService.java:405)
	at org.openqa.selenium.chrome.ChromeDriverService.createDefaultService(ChromeDriverService.java:119)
	at org.openqa.selenium.chrome.ChromeDriver.&lt;init&gt;(ChromeDriver.java:105)
	at keywords.GenericKeywords.openBrowser(GenericKeywords.java:70)
	at testbase.BaseTest.beforeTest(BaseTest.java:79)
	at runner.TestNGRunner.run(TestNGRunner.java:86)
	at runner.JSONRunner.main(JSONRunner.java:118)
... Removed 21 stack frames</div></td></tr></table><p class="totop"><a href="#summary">back to summary</a></p>
<h3 id="m5">testcases.rediff.PortfolioManagement#deletePortfolio</h3><table class="result"><tr><th>Exception</th></tr><tr><td><div class="stacktrace">java.lang.IllegalStateException: The driver executable must exist: D:\chromedriver.exe
	at org.openqa.selenium.internal.Require$FileStateChecker.isFile(Require.java:289)
	at org.openqa.selenium.remote.service.DriverService.checkExecutable(DriverService.java:154)
	at org.openqa.selenium.remote.service.DriverService.findExecutable(DriverService.java:149)
	at org.openqa.selenium.chrome.ChromeDriverService.access$000(ChromeDriverService.java:37)
	at org.openqa.selenium.chrome.ChromeDriverService$Builder.findDefaultExecutable(ChromeDriverService.java:222)
	at org.openqa.selenium.remote.service.DriverService$Builder.build(DriverService.java:405)
	at org.openqa.selenium.chrome.ChromeDriverService.createDefaultService(ChromeDriverService.java:119)
	at org.openqa.selenium.chrome.ChromeDriver.&lt;init&gt;(ChromeDriver.java:105)
	at keywords.GenericKeywords.openBrowser(GenericKeywords.java:70)
	at testbase.BaseTest.beforeTest(BaseTest.java:79)
	at runner.TestNGRunner.run(TestNGRunner.java:86)
	at runner.JSONRunner.main(JSONRunner.java:118)
... Removed 21 stack frames</div></td></tr></table><p class="totop"><a href="#summary">back to summary</a></p>
<h2>Delete Portfolio-Delete Existing PortFolio-It.2</h2><h3 id="m6">testcases.rediff.PortfolioManagement#beforeTest</h3><table class="result"><tr class="param"><th>Parameter #1</th></tr><tr class="param stripe"><td>org.testng.TestRunner@3f4f9acd</td></tr><tr><th>Exception</th></tr><tr><td><div class="stacktrace">org.testng.SkipException: Skpping as Data Runmode is N
	at testbase.BaseTest.beforeTest(BaseTest.java:71)
	at runner.TestNGRunner.run(TestNGRunner.java:86)
	at runner.JSONRunner.main(JSONRunner.java:118)
... Removed 21 stack frames</div></td></tr></table><p class="totop"><a href="#summary">back to summary</a></p>
<h3 id="m7">testcases.rediff.PortfolioManagement#deletePortfolio</h3><table class="result"><tr><th>Exception</th></tr><tr><td><div class="stacktrace">org.testng.SkipException: Skpping as Data Runmode is N
	at testbase.BaseTest.beforeTest(BaseTest.java:71)
	at runner.TestNGRunner.run(TestNGRunner.java:86)
	at runner.JSONRunner.main(JSONRunner.java:118)
... Removed 21 stack frames</div></td></tr></table><p class="totop"><a href="#summary">back to summary</a></p>
<h2>Add New Stock-New Stock-It.1</h2><h3 id="m8">testcases.rediff.PortfolioManagement#beforeTest</h3><table class="result"><tr class="param"><th>Parameter #1</th></tr><tr class="param stripe"><td>org.testng.TestRunner@49b07ee3</td></tr><tr><th>Exception</th></tr><tr><td><div class="stacktrace">java.lang.IllegalStateException: The driver executable must exist: D:\chromedriver.exe
	at org.openqa.selenium.internal.Require$FileStateChecker.isFile(Require.java:289)
	at org.openqa.selenium.remote.service.DriverService.checkExecutable(DriverService.java:154)
	at org.openqa.selenium.remote.service.DriverService.findExecutable(DriverService.java:149)
	at org.openqa.selenium.chrome.ChromeDriverService.access$000(ChromeDriverService.java:37)
	at org.openqa.selenium.chrome.ChromeDriverService$Builder.findDefaultExecutable(ChromeDriverService.java:222)
	at org.openqa.selenium.remote.service.DriverService$Builder.build(DriverService.java:405)
	at org.openqa.selenium.chrome.ChromeDriverService.createDefaultService(ChromeDriverService.java:119)
	at org.openqa.selenium.chrome.ChromeDriver.&lt;init&gt;(ChromeDriver.java:105)
	at keywords.GenericKeywords.openBrowser(GenericKeywords.java:70)
	at testbase.BaseTest.beforeTest(BaseTest.java:79)
	at runner.TestNGRunner.run(TestNGRunner.java:86)
	at runner.JSONRunner.main(JSONRunner.java:118)
... Removed 21 stack frames</div></td></tr></table><p class="totop"><a href="#summary">back to summary</a></p>
<h3 id="m9">testcases.rediff.PortfolioManagement#selectPortFolio</h3><table class="result"><tr><th>Exception</th></tr><tr><td><div class="stacktrace">java.lang.IllegalStateException: The driver executable must exist: D:\chromedriver.exe
	at org.openqa.selenium.internal.Require$FileStateChecker.isFile(Require.java:289)
	at org.openqa.selenium.remote.service.DriverService.checkExecutable(DriverService.java:154)
	at org.openqa.selenium.remote.service.DriverService.findExecutable(DriverService.java:149)
	at org.openqa.selenium.chrome.ChromeDriverService.access$000(ChromeDriverService.java:37)
	at org.openqa.selenium.chrome.ChromeDriverService$Builder.findDefaultExecutable(ChromeDriverService.java:222)
	at org.openqa.selenium.remote.service.DriverService$Builder.build(DriverService.java:405)
	at org.openqa.selenium.chrome.ChromeDriverService.createDefaultService(ChromeDriverService.java:119)
	at org.openqa.selenium.chrome.ChromeDriver.&lt;init&gt;(ChromeDriver.java:105)
	at keywords.GenericKeywords.openBrowser(GenericKeywords.java:70)
	at testbase.BaseTest.beforeTest(BaseTest.java:79)
	at runner.TestNGRunner.run(TestNGRunner.java:86)
	at runner.JSONRunner.main(JSONRunner.java:118)
... Removed 21 stack frames</div></td></tr></table><p class="totop"><a href="#summary">back to summary</a></p>
<h3 id="m10">testcases.rediff.StockManagement#addNewStock</h3><table class="result"><tr><th>Exception</th></tr><tr><td><div class="stacktrace">java.lang.IllegalStateException: The driver executable must exist: D:\chromedriver.exe
	at org.openqa.selenium.internal.Require$FileStateChecker.isFile(Require.java:289)
	at org.openqa.selenium.remote.service.DriverService.checkExecutable(DriverService.java:154)
	at org.openqa.selenium.remote.service.DriverService.findExecutable(DriverService.java:149)
	at org.openqa.selenium.chrome.ChromeDriverService.access$000(ChromeDriverService.java:37)
	at org.openqa.selenium.chrome.ChromeDriverService$Builder.findDefaultExecutable(ChromeDriverService.java:222)
	at org.openqa.selenium.remote.service.DriverService$Builder.build(DriverService.java:405)
	at org.openqa.selenium.chrome.ChromeDriverService.createDefaultService(ChromeDriverService.java:119)
	at org.openqa.selenium.chrome.ChromeDriver.&lt;init&gt;(ChromeDriver.java:105)
	at keywords.GenericKeywords.openBrowser(GenericKeywords.java:70)
	at testbase.BaseTest.beforeTest(BaseTest.java:79)
	at runner.TestNGRunner.run(TestNGRunner.java:86)
	at runner.JSONRunner.main(JSONRunner.java:118)
... Removed 21 stack frames</div></td></tr></table><p class="totop"><a href="#summary">back to summary</a></p>
<h3 id="m11">testcases.rediff.StockManagement#verifyStockPresent</h3><table class="result"><tr><th>Exception</th></tr><tr><td><div class="stacktrace">java.lang.IllegalStateException: The driver executable must exist: D:\chromedriver.exe
	at org.openqa.selenium.internal.Require$FileStateChecker.isFile(Require.java:289)
	at org.openqa.selenium.remote.service.DriverService.checkExecutable(DriverService.java:154)
	at org.openqa.selenium.remote.service.DriverService.findExecutable(DriverService.java:149)
	at org.openqa.selenium.chrome.ChromeDriverService.access$000(ChromeDriverService.java:37)
	at org.openqa.selenium.chrome.ChromeDriverService$Builder.findDefaultExecutable(ChromeDriverService.java:222)
	at org.openqa.selenium.remote.service.DriverService$Builder.build(DriverService.java:405)
	at org.openqa.selenium.chrome.ChromeDriverService.createDefaultService(ChromeDriverService.java:119)
	at org.openqa.selenium.chrome.ChromeDriver.&lt;init&gt;(ChromeDriver.java:105)
	at keywords.GenericKeywords.openBrowser(GenericKeywords.java:70)
	at testbase.BaseTest.beforeTest(BaseTest.java:79)
	at runner.TestNGRunner.run(TestNGRunner.java:86)
	at runner.JSONRunner.main(JSONRunner.java:118)
... Removed 21 stack frames</div></td></tr></table><p class="totop"><a href="#summary">back to summary</a></p>
<h3 id="m12">testcases.rediff.StockManagement#verifyStockQuantity</h3><table class="result"><tr><th>Exception</th></tr><tr><td><div class="stacktrace">java.lang.IllegalStateException: The driver executable must exist: D:\chromedriver.exe
	at org.openqa.selenium.internal.Require$FileStateChecker.isFile(Require.java:289)
	at org.openqa.selenium.remote.service.DriverService.checkExecutable(DriverService.java:154)
	at org.openqa.selenium.remote.service.DriverService.findExecutable(DriverService.java:149)
	at org.openqa.selenium.chrome.ChromeDriverService.access$000(ChromeDriverService.java:37)
	at org.openqa.selenium.chrome.ChromeDriverService$Builder.findDefaultExecutable(ChromeDriverService.java:222)
	at org.openqa.selenium.remote.service.DriverService$Builder.build(DriverService.java:405)
	at org.openqa.selenium.chrome.ChromeDriverService.createDefaultService(ChromeDriverService.java:119)
	at org.openqa.selenium.chrome.ChromeDriver.&lt;init&gt;(ChromeDriver.java:105)
	at keywords.GenericKeywords.openBrowser(GenericKeywords.java:70)
	at testbase.BaseTest.beforeTest(BaseTest.java:79)
	at runner.TestNGRunner.run(TestNGRunner.java:86)
	at runner.JSONRunner.main(JSONRunner.java:118)
... Removed 21 stack frames</div></td></tr></table><p class="totop"><a href="#summary">back to summary</a></p>
<h3 id="m13">testcases.rediff.StockManagement#verifyTransactionHistory</h3><table class="result"><tr><th>Exception</th></tr><tr><td><div class="stacktrace">java.lang.IllegalStateException: The driver executable must exist: D:\chromedriver.exe
	at org.openqa.selenium.internal.Require$FileStateChecker.isFile(Require.java:289)
	at org.openqa.selenium.remote.service.DriverService.checkExecutable(DriverService.java:154)
	at org.openqa.selenium.remote.service.DriverService.findExecutable(DriverService.java:149)
	at org.openqa.selenium.chrome.ChromeDriverService.access$000(ChromeDriverService.java:37)
	at org.openqa.selenium.chrome.ChromeDriverService$Builder.findDefaultExecutable(ChromeDriverService.java:222)
	at org.openqa.selenium.remote.service.DriverService$Builder.build(DriverService.java:405)
	at org.openqa.selenium.chrome.ChromeDriverService.createDefaultService(ChromeDriverService.java:119)
	at org.openqa.selenium.chrome.ChromeDriver.&lt;init&gt;(ChromeDriver.java:105)
	at keywords.GenericKeywords.openBrowser(GenericKeywords.java:70)
	at testbase.BaseTest.beforeTest(BaseTest.java:79)
	at runner.TestNGRunner.run(TestNGRunner.java:86)
	at runner.JSONRunner.main(JSONRunner.java:118)
... Removed 21 stack frames</div></td></tr></table><p class="totop"><a href="#summary">back to summary</a></p>
<h2>Add New Stock-New Stock-It.2</h2><h3 id="m14">testcases.rediff.PortfolioManagement#beforeTest</h3><table class="result"><tr class="param"><th>Parameter #1</th></tr><tr class="param stripe"><td>org.testng.TestRunner@7ff2b8d2</td></tr><tr><th>Exception</th></tr><tr><td><div class="stacktrace">org.testng.SkipException: Skpping as Data Runmode is N
	at testbase.BaseTest.beforeTest(BaseTest.java:71)
	at runner.TestNGRunner.run(TestNGRunner.java:86)
	at runner.JSONRunner.main(JSONRunner.java:118)
... Removed 21 stack frames</div></td></tr></table><p class="totop"><a href="#summary">back to summary</a></p>
<h3 id="m15">testcases.rediff.PortfolioManagement#selectPortFolio</h3><table class="result"><tr><th>Exception</th></tr><tr><td><div class="stacktrace">org.testng.SkipException: Skpping as Data Runmode is N
	at testbase.BaseTest.beforeTest(BaseTest.java:71)
	at runner.TestNGRunner.run(TestNGRunner.java:86)
	at runner.JSONRunner.main(JSONRunner.java:118)
... Removed 21 stack frames</div></td></tr></table><p class="totop"><a href="#summary">back to summary</a></p>
<h3 id="m16">testcases.rediff.StockManagement#addNewStock</h3><table class="result"><tr><th>Exception</th></tr><tr><td><div class="stacktrace">org.testng.SkipException: Skpping as Data Runmode is N
	at testbase.BaseTest.beforeTest(BaseTest.java:71)
	at runner.TestNGRunner.run(TestNGRunner.java:86)
	at runner.JSONRunner.main(JSONRunner.java:118)
... Removed 21 stack frames</div></td></tr></table><p class="totop"><a href="#summary">back to summary</a></p>
<h3 id="m17">testcases.rediff.StockManagement#verifyStockPresent</h3><table class="result"><tr><th>Exception</th></tr><tr><td><div class="stacktrace">org.testng.SkipException: Skpping as Data Runmode is N
	at testbase.BaseTest.beforeTest(BaseTest.java:71)
	at runner.TestNGRunner.run(TestNGRunner.java:86)
	at runner.JSONRunner.main(JSONRunner.java:118)
... Removed 21 stack frames</div></td></tr></table><p class="totop"><a href="#summary">back to summary</a></p>
<h3 id="m18">testcases.rediff.StockManagement#verifyStockQuantity</h3><table class="result"><tr><th>Exception</th></tr><tr><td><div class="stacktrace">org.testng.SkipException: Skpping as Data Runmode is N
	at testbase.BaseTest.beforeTest(BaseTest.java:71)
	at runner.TestNGRunner.run(TestNGRunner.java:86)
	at runner.JSONRunner.main(JSONRunner.java:118)
... Removed 21 stack frames</div></td></tr></table><p class="totop"><a href="#summary">back to summary</a></p>
<h3 id="m19">testcases.rediff.StockManagement#verifyTransactionHistory</h3><table class="result"><tr><th>Exception</th></tr><tr><td><div class="stacktrace">org.testng.SkipException: Skpping as Data Runmode is N
	at testbase.BaseTest.beforeTest(BaseTest.java:71)
	at runner.TestNGRunner.run(TestNGRunner.java:86)
	at runner.JSONRunner.main(JSONRunner.java:118)
... Removed 21 stack frames</div></td></tr></table><p class="totop"><a href="#summary">back to summary</a></p>
<h2>Modify Stock-Sell Existing Stock-It.1</h2><h3 id="m20">testcases.rediff.PortfolioManagement#beforeTest</h3><table class="result"><tr class="param"><th>Parameter #1</th></tr><tr class="param stripe"><td>org.testng.TestRunner@d400943</td></tr><tr><th>Exception</th></tr><tr><td><div class="stacktrace">java.lang.IllegalStateException: The driver executable must exist: D:\chromedriver.exe
	at org.openqa.selenium.internal.Require$FileStateChecker.isFile(Require.java:289)
	at org.openqa.selenium.remote.service.DriverService.checkExecutable(DriverService.java:154)
	at org.openqa.selenium.remote.service.DriverService.findExecutable(DriverService.java:149)
	at org.openqa.selenium.chrome.ChromeDriverService.access$000(ChromeDriverService.java:37)
	at org.openqa.selenium.chrome.ChromeDriverService$Builder.findDefaultExecutable(ChromeDriverService.java:222)
	at org.openqa.selenium.remote.service.DriverService$Builder.build(DriverService.java:405)
	at org.openqa.selenium.chrome.ChromeDriverService.createDefaultService(ChromeDriverService.java:119)
	at org.openqa.selenium.chrome.ChromeDriver.&lt;init&gt;(ChromeDriver.java:105)
	at keywords.GenericKeywords.openBrowser(GenericKeywords.java:70)
	at testbase.BaseTest.beforeTest(BaseTest.java:79)
	at runner.TestNGRunner.run(TestNGRunner.java:86)
	at runner.JSONRunner.main(JSONRunner.java:118)
... Removed 21 stack frames</div></td></tr></table><p class="totop"><a href="#summary">back to summary</a></p>
<h3 id="m21">testcases.rediff.PortfolioManagement#selectPortFolio</h3><table class="result"><tr><th>Exception</th></tr><tr><td><div class="stacktrace">java.lang.IllegalStateException: The driver executable must exist: D:\chromedriver.exe
	at org.openqa.selenium.internal.Require$FileStateChecker.isFile(Require.java:289)
	at org.openqa.selenium.remote.service.DriverService.checkExecutable(DriverService.java:154)
	at org.openqa.selenium.remote.service.DriverService.findExecutable(DriverService.java:149)
	at org.openqa.selenium.chrome.ChromeDriverService.access$000(ChromeDriverService.java:37)
	at org.openqa.selenium.chrome.ChromeDriverService$Builder.findDefaultExecutable(ChromeDriverService.java:222)
	at org.openqa.selenium.remote.service.DriverService$Builder.build(DriverService.java:405)
	at org.openqa.selenium.chrome.ChromeDriverService.createDefaultService(ChromeDriverService.java:119)
	at org.openqa.selenium.chrome.ChromeDriver.&lt;init&gt;(ChromeDriver.java:105)
	at keywords.GenericKeywords.openBrowser(GenericKeywords.java:70)
	at testbase.BaseTest.beforeTest(BaseTest.java:79)
	at runner.TestNGRunner.run(TestNGRunner.java:86)
	at runner.JSONRunner.main(JSONRunner.java:118)
... Removed 21 stack frames</div></td></tr></table><p class="totop"><a href="#summary">back to summary</a></p>
<h3 id="m22">testcases.rediff.StockManagement#modifyStock</h3><table class="result"><tr><th>Exception</th></tr><tr><td><div class="stacktrace">java.lang.IllegalStateException: The driver executable must exist: D:\chromedriver.exe
	at org.openqa.selenium.internal.Require$FileStateChecker.isFile(Require.java:289)
	at org.openqa.selenium.remote.service.DriverService.checkExecutable(DriverService.java:154)
	at org.openqa.selenium.remote.service.DriverService.findExecutable(DriverService.java:149)
	at org.openqa.selenium.chrome.ChromeDriverService.access$000(ChromeDriverService.java:37)
	at org.openqa.selenium.chrome.ChromeDriverService$Builder.findDefaultExecutable(ChromeDriverService.java:222)
	at org.openqa.selenium.remote.service.DriverService$Builder.build(DriverService.java:405)
	at org.openqa.selenium.chrome.ChromeDriverService.createDefaultService(ChromeDriverService.java:119)
	at org.openqa.selenium.chrome.ChromeDriver.&lt;init&gt;(ChromeDriver.java:105)
	at keywords.GenericKeywords.openBrowser(GenericKeywords.java:70)
	at testbase.BaseTest.beforeTest(BaseTest.java:79)
	at runner.TestNGRunner.run(TestNGRunner.java:86)
	at runner.JSONRunner.main(JSONRunner.java:118)
... Removed 21 stack frames</div></td></tr></table><p class="totop"><a href="#summary">back to summary</a></p>
<h3 id="m23">testcases.rediff.StockManagement#verifyStockPresent</h3><table class="result"><tr><th>Exception</th></tr><tr><td><div class="stacktrace">java.lang.IllegalStateException: The driver executable must exist: D:\chromedriver.exe
	at org.openqa.selenium.internal.Require$FileStateChecker.isFile(Require.java:289)
	at org.openqa.selenium.remote.service.DriverService.checkExecutable(DriverService.java:154)
	at org.openqa.selenium.remote.service.DriverService.findExecutable(DriverService.java:149)
	at org.openqa.selenium.chrome.ChromeDriverService.access$000(ChromeDriverService.java:37)
	at org.openqa.selenium.chrome.ChromeDriverService$Builder.findDefaultExecutable(ChromeDriverService.java:222)
	at org.openqa.selenium.remote.service.DriverService$Builder.build(DriverService.java:405)
	at org.openqa.selenium.chrome.ChromeDriverService.createDefaultService(ChromeDriverService.java:119)
	at org.openqa.selenium.chrome.ChromeDriver.&lt;init&gt;(ChromeDriver.java:105)
	at keywords.GenericKeywords.openBrowser(GenericKeywords.java:70)
	at testbase.BaseTest.beforeTest(BaseTest.java:79)
	at runner.TestNGRunner.run(TestNGRunner.java:86)
	at runner.JSONRunner.main(JSONRunner.java:118)
... Removed 21 stack frames</div></td></tr></table><p class="totop"><a href="#summary">back to summary</a></p>
<h3 id="m24">testcases.rediff.StockManagement#verifyStockQuantity</h3><table class="result"><tr><th>Exception</th></tr><tr><td><div class="stacktrace">java.lang.IllegalStateException: The driver executable must exist: D:\chromedriver.exe
	at org.openqa.selenium.internal.Require$FileStateChecker.isFile(Require.java:289)
	at org.openqa.selenium.remote.service.DriverService.checkExecutable(DriverService.java:154)
	at org.openqa.selenium.remote.service.DriverService.findExecutable(DriverService.java:149)
	at org.openqa.selenium.chrome.ChromeDriverService.access$000(ChromeDriverService.java:37)
	at org.openqa.selenium.chrome.ChromeDriverService$Builder.findDefaultExecutable(ChromeDriverService.java:222)
	at org.openqa.selenium.remote.service.DriverService$Builder.build(DriverService.java:405)
	at org.openqa.selenium.chrome.ChromeDriverService.createDefaultService(ChromeDriverService.java:119)
	at org.openqa.selenium.chrome.ChromeDriver.&lt;init&gt;(ChromeDriver.java:105)
	at keywords.GenericKeywords.openBrowser(GenericKeywords.java:70)
	at testbase.BaseTest.beforeTest(BaseTest.java:79)
	at runner.TestNGRunner.run(TestNGRunner.java:86)
	at runner.JSONRunner.main(JSONRunner.java:118)
... Removed 21 stack frames</div></td></tr></table><p class="totop"><a href="#summary">back to summary</a></p>
<h3 id="m25">testcases.rediff.StockManagement#verifyTransactionHistory</h3><table class="result"><tr><th>Exception</th></tr><tr><td><div class="stacktrace">java.lang.IllegalStateException: The driver executable must exist: D:\chromedriver.exe
	at org.openqa.selenium.internal.Require$FileStateChecker.isFile(Require.java:289)
	at org.openqa.selenium.remote.service.DriverService.checkExecutable(DriverService.java:154)
	at org.openqa.selenium.remote.service.DriverService.findExecutable(DriverService.java:149)
	at org.openqa.selenium.chrome.ChromeDriverService.access$000(ChromeDriverService.java:37)
	at org.openqa.selenium.chrome.ChromeDriverService$Builder.findDefaultExecutable(ChromeDriverService.java:222)
	at org.openqa.selenium.remote.service.DriverService$Builder.build(DriverService.java:405)
	at org.openqa.selenium.chrome.ChromeDriverService.createDefaultService(ChromeDriverService.java:119)
	at org.openqa.selenium.chrome.ChromeDriver.&lt;init&gt;(ChromeDriver.java:105)
	at keywords.GenericKeywords.openBrowser(GenericKeywords.java:70)
	at testbase.BaseTest.beforeTest(BaseTest.java:79)
	at runner.TestNGRunner.run(TestNGRunner.java:86)
	at runner.JSONRunner.main(JSONRunner.java:118)
... Removed 21 stack frames</div></td></tr></table><p class="totop"><a href="#summary">back to summary</a></p>
<h2>Modify Stock-Buy Existing Stock-It.1</h2><h3 id="m26">testcases.rediff.PortfolioManagement#beforeTest</h3><table class="result"><tr class="param"><th>Parameter #1</th></tr><tr class="param stripe"><td>org.testng.TestRunner@5bb8f9e2</td></tr><tr><th>Exception</th></tr><tr><td><div class="stacktrace">java.lang.IllegalStateException: The driver executable must exist: D:\chromedriver.exe
	at org.openqa.selenium.internal.Require$FileStateChecker.isFile(Require.java:289)
	at org.openqa.selenium.remote.service.DriverService.checkExecutable(DriverService.java:154)
	at org.openqa.selenium.remote.service.DriverService.findExecutable(DriverService.java:149)
	at org.openqa.selenium.chrome.ChromeDriverService.access$000(ChromeDriverService.java:37)
	at org.openqa.selenium.chrome.ChromeDriverService$Builder.findDefaultExecutable(ChromeDriverService.java:222)
	at org.openqa.selenium.remote.service.DriverService$Builder.build(DriverService.java:405)
	at org.openqa.selenium.chrome.ChromeDriverService.createDefaultService(ChromeDriverService.java:119)
	at org.openqa.selenium.chrome.ChromeDriver.&lt;init&gt;(ChromeDriver.java:105)
	at keywords.GenericKeywords.openBrowser(GenericKeywords.java:70)
	at testbase.BaseTest.beforeTest(BaseTest.java:79)
	at runner.TestNGRunner.run(TestNGRunner.java:86)
	at runner.JSONRunner.main(JSONRunner.java:118)
... Removed 21 stack frames</div></td></tr></table><p class="totop"><a href="#summary">back to summary</a></p>
<h3 id="m27">testcases.rediff.PortfolioManagement#selectPortFolio</h3><table class="result"><tr><th>Exception</th></tr><tr><td><div class="stacktrace">java.lang.IllegalStateException: The driver executable must exist: D:\chromedriver.exe
	at org.openqa.selenium.internal.Require$FileStateChecker.isFile(Require.java:289)
	at org.openqa.selenium.remote.service.DriverService.checkExecutable(DriverService.java:154)
	at org.openqa.selenium.remote.service.DriverService.findExecutable(DriverService.java:149)
	at org.openqa.selenium.chrome.ChromeDriverService.access$000(ChromeDriverService.java:37)
	at org.openqa.selenium.chrome.ChromeDriverService$Builder.findDefaultExecutable(ChromeDriverService.java:222)
	at org.openqa.selenium.remote.service.DriverService$Builder.build(DriverService.java:405)
	at org.openqa.selenium.chrome.ChromeDriverService.createDefaultService(ChromeDriverService.java:119)
	at org.openqa.selenium.chrome.ChromeDriver.&lt;init&gt;(ChromeDriver.java:105)
	at keywords.GenericKeywords.openBrowser(GenericKeywords.java:70)
	at testbase.BaseTest.beforeTest(BaseTest.java:79)
	at runner.TestNGRunner.run(TestNGRunner.java:86)
	at runner.JSONRunner.main(JSONRunner.java:118)
... Removed 21 stack frames</div></td></tr></table><p class="totop"><a href="#summary">back to summary</a></p>
<h3 id="m28">testcases.rediff.StockManagement#modifyStock</h3><table class="result"><tr><th>Exception</th></tr><tr><td><div class="stacktrace">java.lang.IllegalStateException: The driver executable must exist: D:\chromedriver.exe
	at org.openqa.selenium.internal.Require$FileStateChecker.isFile(Require.java:289)
	at org.openqa.selenium.remote.service.DriverService.checkExecutable(DriverService.java:154)
	at org.openqa.selenium.remote.service.DriverService.findExecutable(DriverService.java:149)
	at org.openqa.selenium.chrome.ChromeDriverService.access$000(ChromeDriverService.java:37)
	at org.openqa.selenium.chrome.ChromeDriverService$Builder.findDefaultExecutable(ChromeDriverService.java:222)
	at org.openqa.selenium.remote.service.DriverService$Builder.build(DriverService.java:405)
	at org.openqa.selenium.chrome.ChromeDriverService.createDefaultService(ChromeDriverService.java:119)
	at org.openqa.selenium.chrome.ChromeDriver.&lt;init&gt;(ChromeDriver.java:105)
	at keywords.GenericKeywords.openBrowser(GenericKeywords.java:70)
	at testbase.BaseTest.beforeTest(BaseTest.java:79)
	at runner.TestNGRunner.run(TestNGRunner.java:86)
	at runner.JSONRunner.main(JSONRunner.java:118)
... Removed 21 stack frames</div></td></tr></table><p class="totop"><a href="#summary">back to summary</a></p>
<h3 id="m29">testcases.rediff.StockManagement#verifyStockPresent</h3><table class="result"><tr><th>Exception</th></tr><tr><td><div class="stacktrace">java.lang.IllegalStateException: The driver executable must exist: D:\chromedriver.exe
	at org.openqa.selenium.internal.Require$FileStateChecker.isFile(Require.java:289)
	at org.openqa.selenium.remote.service.DriverService.checkExecutable(DriverService.java:154)
	at org.openqa.selenium.remote.service.DriverService.findExecutable(DriverService.java:149)
	at org.openqa.selenium.chrome.ChromeDriverService.access$000(ChromeDriverService.java:37)
	at org.openqa.selenium.chrome.ChromeDriverService$Builder.findDefaultExecutable(ChromeDriverService.java:222)
	at org.openqa.selenium.remote.service.DriverService$Builder.build(DriverService.java:405)
	at org.openqa.selenium.chrome.ChromeDriverService.createDefaultService(ChromeDriverService.java:119)
	at org.openqa.selenium.chrome.ChromeDriver.&lt;init&gt;(ChromeDriver.java:105)
	at keywords.GenericKeywords.openBrowser(GenericKeywords.java:70)
	at testbase.BaseTest.beforeTest(BaseTest.java:79)
	at runner.TestNGRunner.run(TestNGRunner.java:86)
	at runner.JSONRunner.main(JSONRunner.java:118)
... Removed 21 stack frames</div></td></tr></table><p class="totop"><a href="#summary">back to summary</a></p>
<h3 id="m30">testcases.rediff.StockManagement#verifyStockQuantity</h3><table class="result"><tr><th>Exception</th></tr><tr><td><div class="stacktrace">java.lang.IllegalStateException: The driver executable must exist: D:\chromedriver.exe
	at org.openqa.selenium.internal.Require$FileStateChecker.isFile(Require.java:289)
	at org.openqa.selenium.remote.service.DriverService.checkExecutable(DriverService.java:154)
	at org.openqa.selenium.remote.service.DriverService.findExecutable(DriverService.java:149)
	at org.openqa.selenium.chrome.ChromeDriverService.access$000(ChromeDriverService.java:37)
	at org.openqa.selenium.chrome.ChromeDriverService$Builder.findDefaultExecutable(ChromeDriverService.java:222)
	at org.openqa.selenium.remote.service.DriverService$Builder.build(DriverService.java:405)
	at org.openqa.selenium.chrome.ChromeDriverService.createDefaultService(ChromeDriverService.java:119)
	at org.openqa.selenium.chrome.ChromeDriver.&lt;init&gt;(ChromeDriver.java:105)
	at keywords.GenericKeywords.openBrowser(GenericKeywords.java:70)
	at testbase.BaseTest.beforeTest(BaseTest.java:79)
	at runner.TestNGRunner.run(TestNGRunner.java:86)
	at runner.JSONRunner.main(JSONRunner.java:118)
... Removed 21 stack frames</div></td></tr></table><p class="totop"><a href="#summary">back to summary</a></p>
<h3 id="m31">testcases.rediff.StockManagement#verifyTransactionHistory</h3><table class="result"><tr><th>Exception</th></tr><tr><td><div class="stacktrace">java.lang.IllegalStateException: The driver executable must exist: D:\chromedriver.exe
	at org.openqa.selenium.internal.Require$FileStateChecker.isFile(Require.java:289)
	at org.openqa.selenium.remote.service.DriverService.checkExecutable(DriverService.java:154)
	at org.openqa.selenium.remote.service.DriverService.findExecutable(DriverService.java:149)
	at org.openqa.selenium.chrome.ChromeDriverService.access$000(ChromeDriverService.java:37)
	at org.openqa.selenium.chrome.ChromeDriverService$Builder.findDefaultExecutable(ChromeDriverService.java:222)
	at org.openqa.selenium.remote.service.DriverService$Builder.build(DriverService.java:405)
	at org.openqa.selenium.chrome.ChromeDriverService.createDefaultService(ChromeDriverService.java:119)
	at org.openqa.selenium.chrome.ChromeDriver.&lt;init&gt;(ChromeDriver.java:105)
	at keywords.GenericKeywords.openBrowser(GenericKeywords.java:70)
	at testbase.BaseTest.beforeTest(BaseTest.java:79)
	at runner.TestNGRunner.run(TestNGRunner.java:86)
	at runner.JSONRunner.main(JSONRunner.java:118)
... Removed 21 stack frames</div></td></tr></table><p class="totop"><a href="#summary">back to summary</a></p>
<h2>Modify Stock-Buy Existing Stock-It.2</h2><h3 id="m32">testcases.rediff.PortfolioManagement#beforeTest</h3><table class="result"><tr class="param"><th>Parameter #1</th></tr><tr class="param stripe"><td>org.testng.TestRunner@c9d82f9</td></tr><tr><th>Exception</th></tr><tr><td><div class="stacktrace">org.testng.SkipException: Skpping as Data Runmode is N
	at testbase.BaseTest.beforeTest(BaseTest.java:71)
	at runner.TestNGRunner.run(TestNGRunner.java:86)
	at runner.JSONRunner.main(JSONRunner.java:118)
... Removed 21 stack frames</div></td></tr></table><p class="totop"><a href="#summary">back to summary</a></p>
<h3 id="m33">testcases.rediff.PortfolioManagement#selectPortFolio</h3><table class="result"><tr><th>Exception</th></tr><tr><td><div class="stacktrace">org.testng.SkipException: Skpping as Data Runmode is N
	at testbase.BaseTest.beforeTest(BaseTest.java:71)
	at runner.TestNGRunner.run(TestNGRunner.java:86)
	at runner.JSONRunner.main(JSONRunner.java:118)
... Removed 21 stack frames</div></td></tr></table><p class="totop"><a href="#summary">back to summary</a></p>
<h3 id="m34">testcases.rediff.StockManagement#modifyStock</h3><table class="result"><tr><th>Exception</th></tr><tr><td><div class="stacktrace">org.testng.SkipException: Skpping as Data Runmode is N
	at testbase.BaseTest.beforeTest(BaseTest.java:71)
	at runner.TestNGRunner.run(TestNGRunner.java:86)
	at runner.JSONRunner.main(JSONRunner.java:118)
... Removed 21 stack frames</div></td></tr></table><p class="totop"><a href="#summary">back to summary</a></p>
<h3 id="m35">testcases.rediff.StockManagement#verifyStockPresent</h3><table class="result"><tr><th>Exception</th></tr><tr><td><div class="stacktrace">org.testng.SkipException: Skpping as Data Runmode is N
	at testbase.BaseTest.beforeTest(BaseTest.java:71)
	at runner.TestNGRunner.run(TestNGRunner.java:86)
	at runner.JSONRunner.main(JSONRunner.java:118)
... Removed 21 stack frames</div></td></tr></table><p class="totop"><a href="#summary">back to summary</a></p>
<h3 id="m36">testcases.rediff.StockManagement#verifyStockQuantity</h3><table class="result"><tr><th>Exception</th></tr><tr><td><div class="stacktrace">org.testng.SkipException: Skpping as Data Runmode is N
	at testbase.BaseTest.beforeTest(BaseTest.java:71)
	at runner.TestNGRunner.run(TestNGRunner.java:86)
	at runner.JSONRunner.main(JSONRunner.java:118)
... Removed 21 stack frames</div></td></tr></table><p class="totop"><a href="#summary">back to summary</a></p>
<h3 id="m37">testcases.rediff.StockManagement#verifyTransactionHistory</h3><table class="result"><tr><th>Exception</th></tr><tr><td><div class="stacktrace">org.testng.SkipException: Skpping as Data Runmode is N
	at testbase.BaseTest.beforeTest(BaseTest.java:71)
	at runner.TestNGRunner.run(TestNGRunner.java:86)
	at runner.JSONRunner.main(JSONRunner.java:118)
... Removed 21 stack frames</div></td></tr></table><p class="totop"><a href="#summary">back to summary</a></p>
</body>
</html>
